<?xml version="1.0" encoding="UTF-8"?>
<!-- Generated by org.testng.reporters.JUnitReportReporter -->
<testsuite skipped="0" hostname="Ahmed-Bilal" name="OrangeHRM.Orangehrm.Orangepractice" tests="2" failures="0" timestamp="15 Apr 2024 13:22:57 GMT" time="20.080" errors="0">
  <testcase name="OrangeLoginFailure" time="11.873" classname="OrangeHRM.Orangehrm.Orangepractice"/>
  <testcase name="OrangeLoginSuccess" time="8.207" classname="OrangeHRM.Orangehrm.Orangepractice"/>
</testsuite> <!-- OrangeHRM.Orangehrm.Orangepractice -->
